/home/runner/work/operatingsystem/operatingsystem/input/operatingsystem.xml:550:59: error: element "div" not allowed anywhere; expected the element end-tag, text, element "_", "assignable", "choice", "comment", "ctr", "depends", "endnote", "equation", "evidence", "external-doc", "figure", "if-opt-app", "implements", "no-link", "provides", "refinement", "requires", "rule", "selectables", "snip", "steplist", "test-obj", "testlist" or "xref" or an element from another namespace
/home/runner/work/operatingsystem/operatingsystem/input/operatingsystem.xml:550:83: error: element "div" not allowed anywhere; expected the element end-tag, text, element "_", "assignable", "choice", "comment", "ctr", "depends", "endnote", "equation", "evidence", "external-doc", "figure", "if-opt-app", "implements", "no-link", "provides", "refinement", "requires", "rule", "selectables", "snip", "steplist", "test-obj", "testlist" or "xref" or an element from another namespace
/home/runner/work/operatingsystem/operatingsystem/input/operatingsystem.xml:597:15: error: element "div" not allowed anywhere; expected the element end-tag, text, element "_", "assignable", "choice", "comment", "ctr", "depends", "endnote", "equation", "evidence", "external-doc", "figure", "if-opt-app", "implements", "no-link", "provides", "refinement", "requires", "rule", "selectables", "snip", "steplist", "test-obj", "testlist" or "xref" or an element from another namespace
/home/runner/work/operatingsystem/operatingsystem/input/operatingsystem.xml:597:26: error: element "div" not allowed anywhere; expected the element end-tag, text, element "_", "assignable", "choice", "comment", "ctr", "depends", "endnote", "equation", "evidence", "external-doc", "figure", "if-opt-app", "implements", "no-link", "provides", "refinement", "requires", "rule", "selectables", "snip", "steplist", "test-obj", "testlist" or "xref" or an element from another namespace
/home/runner/work/operatingsystem/operatingsystem/input/operatingsystem.xml:597:79: error: element "div" not allowed anywhere; expected the element end-tag, text, element "_", "assignable", "choice", "comment", "ctr", "depends", "endnote", "equation", "evidence", "external-doc", "figure", "if-opt-app", "implements", "no-link", "provides", "refinement", "requires", "rule", "selectables", "snip", "steplist", "test-obj", "testlist" or "xref" or an element from another namespace
/home/runner/work/operatingsystem/operatingsystem/input/operatingsystem.xml:597:86: error: element "div" not allowed anywhere; expected the element end-tag, text, element "_", "assignable", "choice", "comment", "ctr", "depends", "endnote", "equation", "evidence", "external-doc", "figure", "if-opt-app", "implements", "no-link", "provides", "refinement", "requires", "rule", "selectables", "snip", "steplist", "test-obj", "testlist" or "xref" or an element from another namespace
/home/runner/work/operatingsystem/operatingsystem/input/operatingsystem.xml:599:10: error: element "div" not allowed anywhere; expected the element end-tag, text, element "_", "assignable", "choice", "comment", "ctr", "depends", "endnote", "equation", "evidence", "external-doc", "figure", "if-opt-app", "implements", "no-link", "provides", "refinement", "requires", "rule", "selectables", "snip", "steplist", "test-obj", "testlist" or "xref" or an element from another namespace
/home/runner/work/operatingsystem/operatingsystem/input/operatingsystem.xml:599:21: error: element "div" not allowed anywhere; expected the element end-tag, text, element "_", "assignable", "choice", "comment", "ctr", "depends", "endnote", "equation", "evidence", "external-doc", "figure", "if-opt-app", "implements", "no-link", "provides", "refinement", "requires", "rule", "selectables", "snip", "steplist", "test-obj", "testlist" or "xref" or an element from another namespace
/home/runner/work/operatingsystem/operatingsystem/input/operatingsystem.xml:599:122: error: element "div" not allowed anywhere; expected the element end-tag, text, element "_", "assignable", "choice", "comment", "ctr", "depends", "endnote", "equation", "evidence", "external-doc", "figure", "if-opt-app", "implements", "no-link", "provides", "refinement", "requires", "rule", "selectables", "snip", "steplist", "test-obj", "testlist" or "xref" or an element from another namespace
/home/runner/work/operatingsystem/operatingsystem/input/operatingsystem.xml:599:129: error: element "div" not allowed anywhere; expected the element end-tag, text, element "_", "assignable", "choice", "comment", "ctr", "depends", "endnote", "equation", "evidence", "external-doc", "figure", "if-opt-app", "implements", "no-link", "provides", "refinement", "requires", "rule", "selectables", "snip", "steplist", "test-obj", "testlist" or "xref" or an element from another namespace
/home/runner/work/operatingsystem/operatingsystem/input/operatingsystem.xml:601:8: error: element "div" not allowed anywhere; expected the element end-tag, text, element "_", "assignable", "choice", "comment", "ctr", "depends", "endnote", "equation", "evidence", "external-doc", "figure", "if-opt-app", "implements", "no-link", "provides", "refinement", "requires", "rule", "selectables", "snip", "steplist", "test-obj", "testlist" or "xref" or an element from another namespace
/home/runner/work/operatingsystem/operatingsystem/input/operatingsystem.xml:1411:32: error: element "title" not allowed here; expected the element end-tag, text, element "_", "assignable", "choice", "comment", "ctr", "depends", "endnote", "equation", "external-doc", "figure", "if-opt-app", "implements", "management-function-set", "no-link", "provides", "refinement", "requires", "rule", "selectables", "snip", "testlist" or "xref" or an element from another namespace
/home/runner/work/operatingsystem/operatingsystem/input/operatingsystem.xml:1413:292: error: element "m" not allowed anywhere; expected the element end-tag or element "M", "NA", "O", "aactivity" or "app-note"
/home/runner/work/operatingsystem/operatingsystem/input/operatingsystem.xml:1413:487: error: element "m" not allowed anywhere; expected the element end-tag or element "M", "NA", "O", "aactivity" or "app-note"
/home/runner/work/operatingsystem/operatingsystem/input/operatingsystem.xml:1862:101: error: value of attribute "id" is invalid; must be an XML name without colons
