/home/runner/work/operatingsystem/operatingsystem/input/operatingsystem.xml:747:22: error: element "rationale" not allowed yet; expected the element end-tag or element "addressed-by"
/home/runner/work/operatingsystem/operatingsystem/input/operatingsystem.xml:2632:22: error: element "aactivity" not allowed here; expected the element end-tag or element "audit-event" or "f-element"
/home/runner/work/operatingsystem/operatingsystem/input/operatingsystem.xml:2651:22: error: element "aactivity" not allowed here; expected the element end-tag or element "audit-event" or "f-element"
/home/runner/work/operatingsystem/operatingsystem/input/operatingsystem.xml:2673:22: error: element "aactivity" not allowed here; expected the element end-tag or element "audit-event" or "f-element"
/home/runner/work/operatingsystem/operatingsystem/input/operatingsystem.xml:2697:22: error: element "aactivity" not allowed here; expected the element end-tag or element "audit-event" or "f-element"
/home/runner/work/operatingsystem/operatingsystem/input/operatingsystem.xml:2718:22: error: element "aactivity" not allowed here; expected the element end-tag or element "audit-event" or "f-element"
/home/runner/work/operatingsystem/operatingsystem/input/operatingsystem.xml:3871:22: error: element "aactivity" not allowed here; expected the element end-tag or element "audit-event" or "f-element"
/home/runner/work/operatingsystem/operatingsystem/input/operatingsystem.xml:4075:36: error: element "note" not allowed here; expected the element end-tag or element "audit-event" or "f-element"
/home/runner/work/operatingsystem/operatingsystem/input/operatingsystem.xml:4077:22: error: element "aactivity" not allowed here; expected the element end-tag or element "audit-event" or "f-element"
/home/runner/work/operatingsystem/operatingsystem/input/operatingsystem.xml:4155:220: error: element "doc" not allowed here; expected the element end-tag, text, element "_", "assignable", "choice", "comment", "ctr", "depends", "endnote", "equation", "external-doc", "figure", "if-opt-app", "implements", "no-link", "provides", "refinement", "requires", "rule", "selectables", "snip", "testlist" or "xref" or an element from another namespace
/home/runner/work/operatingsystem/operatingsystem/input/operatingsystem.xml:4155:247: error: element "xref" not allowed here; expected element "ref-id"
/home/runner/work/operatingsystem/operatingsystem/input/operatingsystem.xml:4155:253: error: element "doc" incomplete; missing required element "ref-id"
/home/runner/work/operatingsystem/operatingsystem/input/operatingsystem.xml:4201:63: error: element "doc" not allowed here; expected the element end-tag, text, element "_", "assignable", "choice", "comment", "ctr", "depends", "endnote", "equation", "evidence", "external-doc", "figure", "if-opt-app", "implements", "no-link", "provides", "refinement", "requires", "rule", "selectables", "snip", "steplist", "test-obj", "testlist" or "xref" or an element from another namespace
/home/runner/work/operatingsystem/operatingsystem/input/operatingsystem.xml:4201:90: error: element "xref" not allowed here; expected element "ref-id"
/home/runner/work/operatingsystem/operatingsystem/input/operatingsystem.xml:4201:96: error: element "doc" incomplete; missing required element "ref-id"
