/home/runner/work/operatingsystem/operatingsystem/output/effective.xml:127:8: error: element "h:br" not allowed here; expected the element end-tag or text
/home/runner/work/operatingsystem/operatingsystem/output/effective.xml:128:20: error: element "h:br" not allowed here; expected the element end-tag or text
/home/runner/work/operatingsystem/operatingsystem/output/effective.xml:129:153: error: element "h:br" not allowed here; expected the element end-tag or text
/home/runner/work/operatingsystem/operatingsystem/output/effective.xml:129:160: error: element "h:br" not allowed here; expected the element end-tag or text
/home/runner/work/operatingsystem/operatingsystem/output/effective.xml:130:20: error: element "h:br" not allowed here; expected the element end-tag or text
/home/runner/work/operatingsystem/operatingsystem/output/effective.xml:131:144: error: element "h:br" not allowed here; expected the element end-tag or text
/home/runner/work/operatingsystem/operatingsystem/output/effective.xml:131:151: error: element "h:br" not allowed here; expected the element end-tag or text
/home/runner/work/operatingsystem/operatingsystem/output/effective.xml:132:22: error: element "h:br" not allowed here; expected the element end-tag or text
/home/runner/work/operatingsystem/operatingsystem/output/effective.xml:133:183: error: element "h:br" not allowed here; expected the element end-tag or text
/home/runner/work/operatingsystem/operatingsystem/output/effective.xml:135:359: error: element "h:br" not allowed here; expected the element end-tag or text
/home/runner/work/operatingsystem/operatingsystem/output/effective.xml:136:189: error: element "h:br" not allowed here; expected the element end-tag or text
/home/runner/work/operatingsystem/operatingsystem/output/effective.xml:762:22: error: element "rationale" not allowed yet; expected the element end-tag or element "addressed-by"
/home/runner/work/operatingsystem/operatingsystem/output/effective.xml:2645:22: error: element "aactivity" not allowed here; expected the element end-tag or element "audit-event" or "f-element"
/home/runner/work/operatingsystem/operatingsystem/output/effective.xml:2664:22: error: element "aactivity" not allowed here; expected the element end-tag or element "audit-event" or "f-element"
/home/runner/work/operatingsystem/operatingsystem/output/effective.xml:2686:22: error: element "aactivity" not allowed here; expected the element end-tag or element "audit-event" or "f-element"
/home/runner/work/operatingsystem/operatingsystem/output/effective.xml:2710:22: error: element "aactivity" not allowed here; expected the element end-tag or element "audit-event" or "f-element"
/home/runner/work/operatingsystem/operatingsystem/output/effective.xml:2731:22: error: element "aactivity" not allowed here; expected the element end-tag or element "audit-event" or "f-element"
/home/runner/work/operatingsystem/operatingsystem/output/effective.xml:3884:22: error: element "aactivity" not allowed here; expected the element end-tag or element "audit-event" or "f-element"
/home/runner/work/operatingsystem/operatingsystem/output/effective.xml:4088:36: error: element "note" not allowed here; expected the element end-tag or element "audit-event" or "f-element"
/home/runner/work/operatingsystem/operatingsystem/output/effective.xml:4090:22: error: element "aactivity" not allowed here; expected the element end-tag or element "audit-event" or "f-element"
/home/runner/work/operatingsystem/operatingsystem/output/effective.xml:4171:39: error: element "doc" not allowed here; expected the element end-tag, text, element "_", "assignable", "choice", "comment", "ctr", "depends", "endnote", "equation", "external-doc", "figure", "if-opt-app", "implements", "no-link", "provides", "refinement", "requires", "rule", "selectables", "snip", "testlist" or "xref" or an element from another namespace
/home/runner/work/operatingsystem/operatingsystem/output/effective.xml:4171:66: error: element "xref" not allowed here; expected element "ref-id"
/home/runner/work/operatingsystem/operatingsystem/output/effective.xml:4171:72: error: element "doc" incomplete; missing required element "ref-id"
/home/runner/work/operatingsystem/operatingsystem/output/effective.xml:4172:38: error: element "doc" not allowed here; expected the element end-tag, text, element "_", "assignable", "choice", "comment", "ctr", "depends", "endnote", "equation", "external-doc", "figure", "if-opt-app", "implements", "no-link", "provides", "refinement", "requires", "rule", "selectables", "snip", "testlist" or "xref" or an element from another namespace
/home/runner/work/operatingsystem/operatingsystem/output/effective.xml:4172:66: error: element "xref" not allowed here; expected element "ref-id"
/home/runner/work/operatingsystem/operatingsystem/output/effective.xml:4172:72: error: element "doc" incomplete; missing required element "ref-id"
/home/runner/work/operatingsystem/operatingsystem/output/effective.xml:4219:63: error: element "doc" not allowed here; expected the element end-tag, text, element "_", "assignable", "choice", "comment", "ctr", "depends", "endnote", "equation", "evidence", "external-doc", "figure", "if-opt-app", "implements", "no-link", "provides", "refinement", "requires", "rule", "selectables", "snip", "steplist", "test-obj", "testlist" or "xref" or an element from another namespace
/home/runner/work/operatingsystem/operatingsystem/output/effective.xml:4219:90: error: element "xref" not allowed here; expected element "ref-id"
/home/runner/work/operatingsystem/operatingsystem/output/effective.xml:4219:96: error: element "doc" incomplete; missing required element "ref-id"
