/home/runner/work/operatingsystem/operatingsystem/input/operatingsystem.xml:133:8: error: element "h:br" not allowed here; expected the element end-tag or text
/home/runner/work/operatingsystem/operatingsystem/input/operatingsystem.xml:134:20: error: element "h:br" not allowed here; expected the element end-tag or text
/home/runner/work/operatingsystem/operatingsystem/input/operatingsystem.xml:135:153: error: element "h:br" not allowed here; expected the element end-tag or text
/home/runner/work/operatingsystem/operatingsystem/input/operatingsystem.xml:135:160: error: element "h:br" not allowed here; expected the element end-tag or text
/home/runner/work/operatingsystem/operatingsystem/input/operatingsystem.xml:136:20: error: element "h:br" not allowed here; expected the element end-tag or text
/home/runner/work/operatingsystem/operatingsystem/input/operatingsystem.xml:137:144: error: element "h:br" not allowed here; expected the element end-tag or text
/home/runner/work/operatingsystem/operatingsystem/input/operatingsystem.xml:137:151: error: element "h:br" not allowed here; expected the element end-tag or text
/home/runner/work/operatingsystem/operatingsystem/input/operatingsystem.xml:138:22: error: element "h:br" not allowed here; expected the element end-tag or text
/home/runner/work/operatingsystem/operatingsystem/input/operatingsystem.xml:139:183: error: element "h:br" not allowed here; expected the element end-tag or text
/home/runner/work/operatingsystem/operatingsystem/input/operatingsystem.xml:141:359: error: element "h:br" not allowed here; expected the element end-tag or text
/home/runner/work/operatingsystem/operatingsystem/input/operatingsystem.xml:142:189: error: element "h:br" not allowed here; expected the element end-tag or text
/home/runner/work/operatingsystem/operatingsystem/input/operatingsystem.xml:768:22: error: element "rationale" not allowed yet; expected the element end-tag or element "addressed-by"
/home/runner/work/operatingsystem/operatingsystem/input/operatingsystem.xml:2653:22: error: element "aactivity" not allowed here; expected the element end-tag or element "audit-event" or "f-element"
/home/runner/work/operatingsystem/operatingsystem/input/operatingsystem.xml:2672:22: error: element "aactivity" not allowed here; expected the element end-tag or element "audit-event" or "f-element"
/home/runner/work/operatingsystem/operatingsystem/input/operatingsystem.xml:2694:22: error: element "aactivity" not allowed here; expected the element end-tag or element "audit-event" or "f-element"
/home/runner/work/operatingsystem/operatingsystem/input/operatingsystem.xml:2718:22: error: element "aactivity" not allowed here; expected the element end-tag or element "audit-event" or "f-element"
/home/runner/work/operatingsystem/operatingsystem/input/operatingsystem.xml:2739:22: error: element "aactivity" not allowed here; expected the element end-tag or element "audit-event" or "f-element"
/home/runner/work/operatingsystem/operatingsystem/input/operatingsystem.xml:3892:22: error: element "aactivity" not allowed here; expected the element end-tag or element "audit-event" or "f-element"
/home/runner/work/operatingsystem/operatingsystem/input/operatingsystem.xml:4096:36: error: element "note" not allowed here; expected the element end-tag or element "audit-event" or "f-element"
/home/runner/work/operatingsystem/operatingsystem/input/operatingsystem.xml:4098:22: error: element "aactivity" not allowed here; expected the element end-tag or element "audit-event" or "f-element"
/home/runner/work/operatingsystem/operatingsystem/input/operatingsystem.xml:4179:39: error: element "doc" not allowed here; expected the element end-tag, text, element "_", "assignable", "choice", "comment", "ctr", "depends", "endnote", "equation", "external-doc", "figure", "if-opt-app", "implements", "no-link", "provides", "refinement", "requires", "rule", "selectables", "snip", "testlist" or "xref" or an element from another namespace
/home/runner/work/operatingsystem/operatingsystem/input/operatingsystem.xml:4179:66: error: element "xref" not allowed here; expected element "ref-id"
/home/runner/work/operatingsystem/operatingsystem/input/operatingsystem.xml:4179:72: error: element "doc" incomplete; missing required element "ref-id"
/home/runner/work/operatingsystem/operatingsystem/input/operatingsystem.xml:4180:38: error: element "doc" not allowed here; expected the element end-tag, text, element "_", "assignable", "choice", "comment", "ctr", "depends", "endnote", "equation", "external-doc", "figure", "if-opt-app", "implements", "no-link", "provides", "refinement", "requires", "rule", "selectables", "snip", "testlist" or "xref" or an element from another namespace
/home/runner/work/operatingsystem/operatingsystem/input/operatingsystem.xml:4180:66: error: element "xref" not allowed here; expected element "ref-id"
/home/runner/work/operatingsystem/operatingsystem/input/operatingsystem.xml:4180:72: error: element "doc" incomplete; missing required element "ref-id"
/home/runner/work/operatingsystem/operatingsystem/input/operatingsystem.xml:4227:63: error: element "doc" not allowed here; expected the element end-tag, text, element "_", "assignable", "choice", "comment", "ctr", "depends", "endnote", "equation", "evidence", "external-doc", "figure", "if-opt-app", "implements", "no-link", "provides", "refinement", "requires", "rule", "selectables", "snip", "steplist", "test-obj", "testlist" or "xref" or an element from another namespace
/home/runner/work/operatingsystem/operatingsystem/input/operatingsystem.xml:4227:90: error: element "xref" not allowed here; expected element "ref-id"
/home/runner/work/operatingsystem/operatingsystem/input/operatingsystem.xml:4227:96: error: element "doc" incomplete; missing required element "ref-id"
